<?xml version="1.0" encoding="UTF-8"?>
<!-- Generated by org.testng.reporters.JUnitXMLReporter -->
<testsuite hostname="Vijay-Laptop" ignored="0" name="Test" tests="4" failures="0" timestamp="07 Apr 2022 15:00:28 GMT" time="0.046" errors="0">
  <testcase name="test1" time="0.0" classname="com.testngsample.Groupbytest"/>
  <testcase name="test2" time="0.0" classname="com.testngsample.Groupbytest"/>
  <testcase name="test3" time="0.0" classname="com.testngsample.Groupbytest"/>
  <testcase name="test4" time="0.0" classname="com.testngsample.Groupbytest"/>
</testsuite> <!-- Test -->
